------------------------------------------------------------ [0.00s]

lizard power
Generation of a Gaussian random field for the displacement of particles. [0.00s]
------------------------------------------------------------ [0.00s]
Expansion factor   0.007812 [0.00s]
Omega Matter       0.279000 [0.00s]
Omega Lambda       0.721000 [0.00s]
Omega baryons      0.050000 [0.00s]
sigma_8            0.800000 [0.00s]
Hubble0 (km/s/Mpc) 70.000000 [0.00s]
Seed 123
Base grid size 256^3
Boxsize 10.0 Mpc/h [0.00s]
Output file(s): ['./displ_grid_256.npy', './displ_grid_128.npy', './displ_grid_64.npy'] [0.00s]
 [0.00s]
------------------------------------------------------------ [0.00s]
Normalising power spectrum to sigma8 [0.01s]
Building fourier modes [0.00s]
- Making k values [0.00s]
- Amplitudes of modes [0.00s]
- Large ngrid=256^3, sampling power spectrum 5*ngrid=1,280 times [0.00s]
- Interpolating power spectrum [0.07s]
[94mLoading liblizard - C functions for lizard calculations /N/slate/dncross/SIDM_GC_formation/IC_factory/lizard/lizard/../build/liblizard.so[0m [0.08s]
- Building 33,554,432 random numbers [2.01s]
- Scaling [0.07s]
- 256^3 fourier transform to calculate potential [0.93s]
- 5 point gradient to calculate displacement field [0.48s]
- Transposing [0.34s]
- RMS displacement 28.921 kpc/h [0.08s]
- Writing 256^3 grid to file ./displ_grid_256.npy [0.26s]
- Subsampling to 128.0^3 [0.00s]
- Writing to ./displ_grid_128.npy [0.25s]
Done [0.00s]
- Subsampling to 64.0^3 [0.00s]
- Writing to ./displ_grid_64.npy [0.08s]
Done [0.04s]
------------------------------------------------------------ [0.00s]

lizard power
Generation of a Gaussian random field for the displacement of particles. [0.00s]
------------------------------------------------------------ [0.00s]
Expansion factor   0.007812 [0.00s]
Omega Matter       0.279000 [0.00s]
Omega Lambda       0.721000 [0.00s]
Omega baryons      0.050000 [0.00s]
sigma_8            0.800000 [0.00s]
Hubble0 (km/s/Mpc) 70.000000 [0.00s]
Seed 123
Base grid size 256^3
Boxsize 10.0 Mpc/h [0.03s]
------------------------------------------------------------ [0.00s]

lizard power
Generation of a Gaussian random field for the displacement of particles. [0.00s]
------------------------------------------------------------ [0.00s]
Expansion factor   0.007812 [0.00s]
Omega Matter       0.279000 [0.00s]
Omega Lambda       0.721000 [0.00s]
Omega baryons      0.050000 [0.00s]
sigma_8            0.800000 [0.00s]
Hubble0 (km/s/Mpc) 70.000000 [0.00s]
Seed 123
Base grid size 256^3
Boxsize 10.0 Mpc/h [0.00s]
Output file(s): ['./displ_grid_256.npy', './displ_grid_128.npy', './displ_grid_64.npy'] [0.00s]
 [0.00s]
------------------------------------------------------------ [0.00s]
Normalising power spectrum to sigma8 [0.01s]
Building fourier modes [0.00s]
- Making k values [0.00s]
- Amplitudes of modes [0.00s]
- Large ngrid=256^3, sampling power spectrum 5*ngrid=1,280 times [0.00s]
- Interpolating power spectrum [0.03s]
[94mLoading liblizard - C functions for lizard calculations /N/slate/dncross/SIDM_GC_formation/IC_factory/lizard/lizard/../build/liblizard.so[0m [0.05s]
- Building 33,554,432 random numbers [1.86s]
- Scaling [0.12s]
- 256^3 fourier transform to calculate potential [1.23s]
- 5 point gradient to calculate displacement field [0.81s]
- Transposing [0.29s]
- RMS displacement 28.921 kpc/h [0.07s]
- Writing 256^3 grid to file ./displ_grid_256.npy [0.28s]
- Subsampling to 128.0^3 [0.00s]
- Writing to ./displ_grid_128.npy [0.37s]
Done [0.00s]
- Subsampling to 64.0^3 [0.00s]
- Writing to ./displ_grid_64.npy [0.09s]
Done [0.71s]
------------------------------------------------------------ [0.00s]

lizard power
Generation of a Gaussian random field for the displacement of particles. [0.00s]
------------------------------------------------------------ [0.00s]
Expansion factor   0.007812 [0.00s]
Omega Matter       0.279000 [0.00s]
Omega Lambda       0.721000 [0.00s]
Omega baryons      0.050000 [0.00s]
sigma_8            0.800000 [0.00s]
Hubble0 (km/s/Mpc) 70.000000 [0.00s]
Seed 123
Base grid size 256^3
Boxsize 10.0 Mpc/h [0.00s]
Output file(s): ['./displ_grid_256.npy', './displ_grid_128.npy', './displ_grid_64.npy'] [0.00s]
 [0.00s]
------------------------------------------------------------ [0.00s]
Normalising power spectrum to sigma8 [0.01s]
Building fourier modes [0.00s]
- Making k values [0.00s]
- Amplitudes of modes [0.00s]
- Large ngrid=256^3, sampling power spectrum 5*ngrid=1,280 times [0.00s]
- Interpolating power spectrum [0.03s]
[94mLoading liblizard - C functions for lizard calculations /N/slate/dncross/SIDM_GC_formation/IC_factory/lizard/lizard/../build/liblizard.so[0m [0.04s]
- Building 33,554,432 random numbers [1.51s]
- Scaling [0.11s]
- 256^3 fourier transform to calculate potential [0.88s]
- 5 point gradient to calculate displacement field [0.46s]
- Transposing [0.29s]
- RMS displacement 28.921 kpc/h [0.07s]
- Writing 256^3 grid to file ./displ_grid_256.npy [0.18s]
- Subsampling to 128.0^3 [0.00s]
- Writing to ./displ_grid_128.npy [0.24s]
Done [0.00s]
- Subsampling to 64.0^3 [0.00s]
- Writing to ./displ_grid_64.npy [0.03s]
Done [0.61s]
------------------------------------------------------------ [0.00s]

lizard power
Generation of a Gaussian random field for the displacement of particles. [0.00s]
------------------------------------------------------------ [0.00s]
Expansion factor   0.007812 [0.00s]
Omega Matter       0.279000 [0.00s]
Omega Lambda       0.721000 [0.00s]
Omega baryons      0.050000 [0.00s]
sigma_8            0.800000 [0.00s]
Hubble0 (km/s/Mpc) 70.000000 [0.00s]
Seed 123
Base grid size 256^3
Boxsize 10.0 Mpc/h [0.01s]
------------------------------------------------------------ [0.00s]

lizard power
Generation of a Gaussian random field for the displacement of particles. [0.00s]
------------------------------------------------------------ [0.00s]
Expansion factor   0.007812 [0.00s]
Omega Matter       0.279000 [0.00s]
Omega Lambda       0.721000 [0.00s]
Omega baryons      0.050000 [0.00s]
sigma_8            0.800000 [0.00s]
Hubble0 (km/s/Mpc) 70.000000 [0.00s]
Seed 123
Base grid size 256^3
Boxsize 10.0 Mpc/h [0.00s]
Output file(s): ['./displ_grid_256.npy', './displ_grid_128.npy', './displ_grid_64.npy'] [0.00s]
 [0.00s]
------------------------------------------------------------ [0.00s]
Normalising power spectrum to sigma8 [0.01s]
Building fourier modes [0.00s]
- Making k values [0.00s]
- Amplitudes of modes [0.00s]
- Large ngrid=256^3, sampling power spectrum 5*ngrid=1,280 times [0.00s]
- Interpolating power spectrum [0.05s]
[94mLoading liblizard - C functions for lizard calculations /N/slate/dncross/SIDM_GC_formation/IC_factory/lizard/lizard/../build/liblizard.so[0m [0.04s]
- Building 33,554,432 random numbers [1.64s]
- Scaling [0.06s]
- 256^3 fourier transform to calculate potential [0.93s]
- 5 point gradient to calculate displacement field [0.46s]
- Transposing [0.54s]
- RMS displacement 28.921 kpc/h [0.12s]
- Writing 256^3 grid to file ./displ_grid_256.npy [0.19s]
- Subsampling to 128.0^3 [0.00s]
- Writing to ./displ_grid_128.npy [0.27s]
Done [0.00s]
- Subsampling to 64.0^3 [0.00s]
- Writing to ./displ_grid_64.npy [0.04s]
Done [0.80s]
------------------------------------------------------------ [0.00s]
lizard displace
Displaces a uniform distribution of particles [0.00s]
------------------------------------------------------------ [0.00s]
Displacement field           : displ_grid_256.npy [0.00s]
------------------------------------------------------------ [0.00s]
Reading displacement field [0.08s]
Gridsize 256^3
Boxsize 10.0 Mpc/h [0.00s]
------------------------------------------------------------ [0.12s]
RMS displacement on grid, 28.9205 kpc/h [0.00s]
Making DM only ICs [0.08s]
Velocity multiplication factor 6761.016841746761 km/s /(cMpc/h) with extra factor sqrt(a) [0.49s]
Boxsize: 10.0 Mpc/h [0.00s]
16,777,216 particles, 1 different sizes [0.06s]
DM of size 0.0390625 [0.42s]
Indices in 0.0 255.0 should be in 0-256 [2.74s]
DM positions in [2.76293179e-07 9.93548610e-07 1.17444165e-06] to [9.9999992  9.99999941 9.99999999] [0.00s]
DM particle mass  [4615368.24277467] Msun/h [0.00s]
Output file : particles_dmonly_256.dat [0.02s]
Numbers of different DM particle types [0.00s]
Saving masses [0.00s]
Saving positions [0.50s]
Saving velocities [0.26s]
Done [0.00s]
Reading particles_dmonly_256.dat [0.00s]
1 different masses of DM particles found [0.00s]
Reading masses [0.00s]
Reading positions [0.16s]
Scaling positions to kpc/h [0.26s]
pos (16777216, 3) in 0.00027629317 10000.0 [0.07s]
Reading velocities [0.14s]
Particle masses [0.         0.00046154 0.         0.         0.         0.        ] [0.00s]
Number of particles [       0 16777216        0        0        0        0] [0.00s]
Writing gadget snapshot IC_256_dmonly.dat [0.57s]
