------------------------------------------------------------ [0.00s]

lizard power
Generation of a Gaussian random field for the displacement of particles. [0.00s]
------------------------------------------------------------ [0.00s]
Expansion factor   0.007812 [0.00s]
Omega Matter       0.279000 [0.00s]
Omega Lambda       0.721000 [0.00s]
Omega baryons      0.050000 [0.00s]
sigma_8            0.800000 [0.00s]
Hubble0 (km/s/Mpc) 70.000000 [0.00s]
Seed 123
Base grid size 256^3
Boxsize 10.0 Mpc/h [0.00s]
Output file(s): ['./displ_grid_256.npy', './displ_grid_128.npy', './displ_grid_64.npy'] [0.00s]
 [0.00s]
------------------------------------------------------------ [0.00s]
Normalising power spectrum to sigma8 [0.01s]
Building fourier modes [0.00s]
- Making k values [0.00s]
- Amplitudes of modes [0.00s]
- Large ngrid=256^3, sampling power spectrum 5*ngrid=1,280 times [0.00s]
- Interpolating power spectrum [0.07s]
[94mLoading liblizard - C functions for lizard calculations /N/slate/dncross/SIDM_GC_formation/IC_factory/lizard/lizard/../build/liblizard.so[0m [0.08s]
- Building 33,554,432 random numbers [2.01s]
- Scaling [0.07s]
- 256^3 fourier transform to calculate potential [0.93s]
- 5 point gradient to calculate displacement field [0.48s]
- Transposing [0.34s]
- RMS displacement 28.921 kpc/h [0.08s]
- Writing 256^3 grid to file ./displ_grid_256.npy [0.26s]
- Subsampling to 128.0^3 [0.00s]
- Writing to ./displ_grid_128.npy [0.25s]
Done [0.00s]
- Subsampling to 64.0^3 [0.00s]
- Writing to ./displ_grid_64.npy [0.08s]
Done [0.04s]
------------------------------------------------------------ [0.00s]

lizard power
Generation of a Gaussian random field for the displacement of particles. [0.00s]
------------------------------------------------------------ [0.00s]
Expansion factor   0.007812 [0.00s]
Omega Matter       0.279000 [0.00s]
Omega Lambda       0.721000 [0.00s]
Omega baryons      0.050000 [0.00s]
sigma_8            0.800000 [0.00s]
Hubble0 (km/s/Mpc) 70.000000 [0.00s]
Seed 123
Base grid size 256^3
Boxsize 10.0 Mpc/h [0.03s]
------------------------------------------------------------ [0.00s]

lizard power
Generation of a Gaussian random field for the displacement of particles. [0.00s]
------------------------------------------------------------ [0.00s]
Expansion factor   0.007812 [0.00s]
Omega Matter       0.279000 [0.00s]
Omega Lambda       0.721000 [0.00s]
Omega baryons      0.050000 [0.00s]
sigma_8            0.800000 [0.00s]
Hubble0 (km/s/Mpc) 70.000000 [0.00s]
Seed 123
Base grid size 256^3
Boxsize 10.0 Mpc/h [0.00s]
Output file(s): ['./displ_grid_256.npy', './displ_grid_128.npy', './displ_grid_64.npy'] [0.00s]
 [0.00s]
------------------------------------------------------------ [0.00s]
Normalising power spectrum to sigma8 [0.01s]
Building fourier modes [0.00s]
- Making k values [0.00s]
- Amplitudes of modes [0.00s]
- Large ngrid=256^3, sampling power spectrum 5*ngrid=1,280 times [0.00s]
- Interpolating power spectrum [0.03s]
[94mLoading liblizard - C functions for lizard calculations /N/slate/dncross/SIDM_GC_formation/IC_factory/lizard/lizard/../build/liblizard.so[0m [0.05s]
- Building 33,554,432 random numbers [1.86s]
- Scaling [0.12s]
- 256^3 fourier transform to calculate potential [1.23s]
- 5 point gradient to calculate displacement field [0.81s]
- Transposing [0.29s]
- RMS displacement 28.921 kpc/h [0.07s]
- Writing 256^3 grid to file ./displ_grid_256.npy [0.28s]
- Subsampling to 128.0^3 [0.00s]
- Writing to ./displ_grid_128.npy [0.37s]
Done [0.00s]
- Subsampling to 64.0^3 [0.00s]
- Writing to ./displ_grid_64.npy [0.09s]
Done [0.71s]
------------------------------------------------------------ [0.00s]

lizard power
Generation of a Gaussian random field for the displacement of particles. [0.00s]
------------------------------------------------------------ [0.00s]
Expansion factor   0.007812 [0.00s]
Omega Matter       0.279000 [0.00s]
Omega Lambda       0.721000 [0.00s]
Omega baryons      0.050000 [0.00s]
sigma_8            0.800000 [0.00s]
Hubble0 (km/s/Mpc) 70.000000 [0.00s]
Seed 123
Base grid size 256^3
Boxsize 10.0 Mpc/h [0.00s]
Output file(s): ['./displ_grid_256.npy', './displ_grid_128.npy', './displ_grid_64.npy'] [0.00s]
 [0.00s]
------------------------------------------------------------ [0.00s]
Normalising power spectrum to sigma8 [0.01s]
Building fourier modes [0.00s]
- Making k values [0.00s]
- Amplitudes of modes [0.00s]
- Large ngrid=256^3, sampling power spectrum 5*ngrid=1,280 times [0.00s]
- Interpolating power spectrum [0.03s]
[94mLoading liblizard - C functions for lizard calculations /N/slate/dncross/SIDM_GC_formation/IC_factory/lizard/lizard/../build/liblizard.so[0m [0.04s]
- Building 33,554,432 random numbers [1.51s]
- Scaling [0.11s]
- 256^3 fourier transform to calculate potential [0.88s]
- 5 point gradient to calculate displacement field [0.46s]
- Transposing [0.29s]
- RMS displacement 28.921 kpc/h [0.07s]
- Writing 256^3 grid to file ./displ_grid_256.npy [0.18s]
- Subsampling to 128.0^3 [0.00s]
- Writing to ./displ_grid_128.npy [0.24s]
Done [0.00s]
- Subsampling to 64.0^3 [0.00s]
- Writing to ./displ_grid_64.npy [0.03s]
Done [0.61s]
------------------------------------------------------------ [0.00s]

lizard power
Generation of a Gaussian random field for the displacement of particles. [0.00s]
------------------------------------------------------------ [0.00s]
Expansion factor   0.007812 [0.00s]
Omega Matter       0.279000 [0.00s]
Omega Lambda       0.721000 [0.00s]
Omega baryons      0.050000 [0.00s]
sigma_8            0.800000 [0.00s]
Hubble0 (km/s/Mpc) 70.000000 [0.00s]
Seed 123
Base grid size 256^3
Boxsize 10.0 Mpc/h [0.01s]
------------------------------------------------------------ [0.00s]

lizard power
Generation of a Gaussian random field for the displacement of particles. [0.00s]
------------------------------------------------------------ [0.00s]
Expansion factor   0.007812 [0.00s]
Omega Matter       0.279000 [0.00s]
Omega Lambda       0.721000 [0.00s]
Omega baryons      0.050000 [0.00s]
sigma_8            0.800000 [0.00s]
Hubble0 (km/s/Mpc) 70.000000 [0.00s]
Seed 123
Base grid size 256^3
Boxsize 10.0 Mpc/h [0.00s]
Output file(s): ['./displ_grid_256.npy', './displ_grid_128.npy', './displ_grid_64.npy'] [0.00s]
 [0.00s]
------------------------------------------------------------ [0.00s]
Normalising power spectrum to sigma8 [0.01s]
Building fourier modes [0.00s]
- Making k values [0.00s]
- Amplitudes of modes [0.00s]
- Large ngrid=256^3, sampling power spectrum 5*ngrid=1,280 times [0.00s]
- Interpolating power spectrum [0.05s]
[94mLoading liblizard - C functions for lizard calculations /N/slate/dncross/SIDM_GC_formation/IC_factory/lizard/lizard/../build/liblizard.so[0m [0.04s]
- Building 33,554,432 random numbers [1.64s]
- Scaling [0.06s]
- 256^3 fourier transform to calculate potential [0.93s]
- 5 point gradient to calculate displacement field [0.46s]
- Transposing [0.54s]
- RMS displacement 28.921 kpc/h [0.12s]
- Writing 256^3 grid to file ./displ_grid_256.npy [0.19s]
- Subsampling to 128.0^3 [0.00s]
- Writing to ./displ_grid_128.npy [0.27s]
Done [0.00s]
- Subsampling to 64.0^3 [0.00s]
- Writing to ./displ_grid_64.npy [0.04s]
Done [0.80s]
------------------------------------------------------------ [0.00s]
lizard displace
Displaces a uniform distribution of particles [0.00s]
------------------------------------------------------------ [0.00s]
Displacement field           : displ_grid_256.npy [0.00s]
------------------------------------------------------------ [0.00s]
Reading displacement field [0.08s]
Gridsize 256^3
Boxsize 10.0 Mpc/h [0.00s]
------------------------------------------------------------ [0.12s]
RMS displacement on grid, 28.9205 kpc/h [0.00s]
Making DM only ICs [0.08s]
Velocity multiplication factor 6761.016841746761 km/s /(cMpc/h) with extra factor sqrt(a) [0.49s]
Boxsize: 10.0 Mpc/h [0.00s]
16,777,216 particles, 1 different sizes [0.06s]
DM of size 0.0390625 [0.42s]
Indices in 0.0 255.0 should be in 0-256 [2.74s]
DM positions in [2.76293179e-07 9.93548610e-07 1.17444165e-06] to [9.9999992  9.99999941 9.99999999] [0.00s]
DM particle mass  [4615368.24277467] Msun/h [0.00s]
Output file : particles_dmonly_256.dat [0.02s]
Numbers of different DM particle types [0.00s]
Saving masses [0.00s]
Saving positions [0.50s]
Saving velocities [0.26s]
Done [0.00s]
Reading particles_dmonly_256.dat [0.00s]
1 different masses of DM particles found [0.00s]
Reading masses [0.00s]
Reading positions [0.16s]
Scaling positions to kpc/h [0.26s]
pos (16777216, 3) in 0.00027629317 10000.0 [0.07s]
Reading velocities [0.14s]
Particle masses [0.         0.00046154 0.         0.         0.         0.        ] [0.00s]
Number of particles [       0 16777216        0        0        0        0] [0.00s]
Writing gadget snapshot IC_256_dmonly.dat [0.57s]
------------------------------------------------------------ [0.00s]

lizard power
Generation of a Gaussian random field for the displacement of particles. [0.00s]
------------------------------------------------------------ [0.00s]
Expansion factor   0.007812 [0.00s]
Omega Matter       0.279000 [0.00s]
Omega Lambda       0.721000 [0.00s]
Omega baryons      0.050000 [0.00s]
sigma_8            0.800000 [0.00s]
Hubble0 (km/s/Mpc) 70.000000 [0.00s]
Seed 42
Base grid size 256^3
Boxsize 10.0 Mpc/h [0.00s]
Output file(s): ['./displ_grid_256.npy', './displ_grid_128.npy', './displ_grid_64.npy'] [0.00s]
 [0.00s]
------------------------------------------------------------ [0.00s]
Normalising power spectrum to sigma8 [0.01s]
Building fourier modes [0.00s]
- Making k values [0.00s]
- Amplitudes of modes [0.00s]
- Large ngrid=256^3, sampling power spectrum 5*ngrid=1,280 times [0.00s]
- Interpolating power spectrum [0.03s]
[94mLoading liblizard - C functions for lizard calculations /Users/danecross/Desktop/research/SIDM_glob_clusters/lizard/lizard/../build/liblizard.so[0m [0.35s]
- Building 33,554,432 random numbers [1.15s]
- Scaling [0.08s]
- 256^3 fourier transform to calculate potential [1.30s]
- 5 point gradient to calculate displacement field [0.96s]
- Transposing [0.65s]
- RMS displacement 29.179 kpc/h [0.20s]
- Writing 256^3 grid to file ./displ_grid_256.npy [0.83s]
- Subsampling to 128.0^3 [0.00s]
- Writing to ./displ_grid_128.npy [0.55s]
Done [0.00s]
- Subsampling to 64.0^3 [0.00s]
- Writing to ./displ_grid_64.npy [0.07s]
Done [0.87s]
------------------------------------------------------------ [0.00s]
lizard displace
Displaces a uniform distribution of particles [0.00s]
------------------------------------------------------------ [0.00s]
Displacement field           : displ_grid_256.npy [0.00s]
------------------------------------------------------------ [0.00s]
Reading displacement field [0.13s]
Gridsize 256^3
Boxsize 10.0 Mpc/h [0.00s]
------------------------------------------------------------ [0.18s]
RMS displacement on grid, 29.1790 kpc/h [0.00s]
Making DM only ICs [0.12s]
Velocity multiplication factor 6761.016841746761 km/s /(cMpc/h) with extra factor sqrt(a) [0.60s]
Boxsize: 10.0 Mpc/h [0.00s]
16,777,216 particles, 1 different sizes [0.04s]
DM of size 0.0390625 [0.52s]
Indices in 0.0 255.0 should be in 0-256 [4.30s]
DM positions in [6.37348592e-07 6.13263239e-07 2.71946192e-07] to [9.99999978 9.99999936 9.99999967] [0.08s]
DM particle mass  [4615368.24277467] Msun/h [0.00s]
Output file : particles_dmonly_256.dat [0.00s]
Numbers of different DM particle types [0.00s]
Saving masses [0.00s]
Saving positions [1.71s]
Saving velocities [0.73s]
Done [0.06s]
Reading particles_dmonly_256.dat [0.00s]
1 different masses of DM particles found [0.00s]
Reading masses [0.00s]
Reading positions [0.24s]
Scaling positions to kpc/h [0.40s]
pos (16777216, 3) in 0.0002719462 10000.0 [0.08s]
Reading velocities [0.24s]
Particle masses [0.         0.00046154 0.         0.         0.         0.        ] [0.00s]
Number of particles [       0 16777216        0        0        0        0] [0.00s]
Writing gadget snapshot IC_256_dmonly.dat [2.48s]
------------------------------------------------------------ [0.00s]

lizard power
Generation of a Gaussian random field for the displacement of particles. [0.00s]
------------------------------------------------------------ [0.00s]
Expansion factor   0.007812 [0.00s]
Omega Matter       0.279000 [0.00s]
Omega Lambda       0.721000 [0.00s]
Omega baryons      0.050000 [0.00s]
sigma_8            0.800000 [0.00s]
Hubble0 (km/s/Mpc) 70.000000 [0.00s]
Seed 42
Base grid size 256^3
Boxsize 10.0 Mpc/h [0.01s]
------------------------------------------------------------ [0.00s]

lizard power
Generation of a Gaussian random field for the displacement of particles. [0.00s]
------------------------------------------------------------ [0.00s]
Expansion factor   0.007812 [0.00s]
Omega Matter       0.279000 [0.00s]
Omega Lambda       0.721000 [0.00s]
Omega baryons      0.050000 [0.00s]
sigma_8            0.800000 [0.00s]
Hubble0 (km/s/Mpc) 70.000000 [0.00s]
Seed 42
Base grid size 256^3
Boxsize 10.0 Mpc/h [0.00s]
Output file(s): ['./displ_grid_256.npy', './displ_grid_128.npy', './displ_grid_64.npy'] [0.00s]
 [0.00s]
------------------------------------------------------------ [0.00s]
Normalising power spectrum to sigma8 [0.01s]
Building fourier modes [0.00s]
- Making k values [0.00s]
- Amplitudes of modes [0.00s]
- Large ngrid=256^3, sampling power spectrum 5*ngrid=1,280 times [0.00s]
- Interpolating power spectrum [0.03s]
[94mLoading liblizard - C functions for lizard calculations /Users/danecross/Desktop/research/SIDM_glob_clusters/lizard/lizard/../build/liblizard.so[0m [0.09s]
- Building 33,554,432 random numbers [1.10s]
- Scaling [0.06s]
- 256^3 fourier transform to calculate potential [0.98s]
- 5 point gradient to calculate displacement field [0.73s]
- Transposing [0.81s]
- RMS displacement 29.179 kpc/h [0.22s]
- Writing 256^3 grid to file ./displ_grid_256.npy [0.97s]
- Subsampling to 128.0^3 [0.00s]
- Writing to ./displ_grid_128.npy [0.54s]
Done [0.00s]
- Subsampling to 64.0^3 [0.00s]
- Writing to ./displ_grid_64.npy [0.07s]
Done [0.88s]
------------------------------------------------------------ [0.00s]
lizard displace
Displaces a uniform distribution of particles [0.00s]
------------------------------------------------------------ [0.00s]
Displacement field           : displ_grid_256.npy [0.00s]
------------------------------------------------------------ [0.00s]
Reading displacement field [0.13s]
Gridsize 256^3
Boxsize 10.0 Mpc/h [0.00s]
------------------------------------------------------------ [0.20s]
RMS displacement on grid, 29.1790 kpc/h [0.00s]
Making DM only ICs [0.09s]
Velocity multiplication factor 6761.016841746761 km/s /(cMpc/h) with extra factor sqrt(a) [0.61s]
Boxsize: 10.0 Mpc/h [0.00s]
16,777,216 particles, 1 different sizes [0.04s]
DM of size 0.0390625 [0.53s]
Indices in 0.0 255.0 should be in 0-256 [3.98s]
DM positions in [6.37348592e-07 6.13263239e-07 2.71946192e-07] to [9.99999978 9.99999936 9.99999967] [0.08s]
DM particle mass  [4615368.24277467] Msun/h [0.00s]
Output file : particles_dmonly_256.dat [0.13s]
Numbers of different DM particle types [0.01s]
Saving masses [0.01s]
Saving positions [1.61s]
Saving velocities [0.74s]
Done [0.10s]
------------------------------------------------------------ [0.00s]

lizard power
Generation of a Gaussian random field for the displacement of particles. [0.00s]
------------------------------------------------------------ [0.00s]
Expansion factor   0.007812 [0.00s]
Omega Matter       0.279000 [0.00s]
Omega Lambda       0.721000 [0.00s]
Omega baryons      0.050000 [0.00s]
sigma_8            0.800000 [0.00s]
Hubble0 (km/s/Mpc) 70.000000 [0.00s]
Seed 42
Base grid size 512^3
Boxsize 10.0 Mpc/h [0.01s]
------------------------------------------------------------ [0.00s]

lizard power
Generation of a Gaussian random field for the displacement of particles. [0.00s]
------------------------------------------------------------ [0.00s]
Expansion factor   0.007812 [0.00s]
Omega Matter       0.279000 [0.00s]
Omega Lambda       0.721000 [0.00s]
Omega baryons      0.050000 [0.00s]
sigma_8            0.800000 [0.00s]
Hubble0 (km/s/Mpc) 70.000000 [0.00s]
Seed 42
Base grid size 512^3
Boxsize 10.0 Mpc/h [0.01s]
------------------------------------------------------------ [0.00s]

lizard power
Generation of a Gaussian random field for the displacement of particles. [0.00s]
------------------------------------------------------------ [0.00s]
Expansion factor   0.007812 [0.00s]
Omega Matter       0.279000 [0.00s]
Omega Lambda       0.721000 [0.00s]
Omega baryons      0.050000 [0.00s]
sigma_8            0.800000 [0.00s]
Hubble0 (km/s/Mpc) 70.000000 [0.00s]
Seed 42
Base grid size 512^3
Boxsize 10.0 Mpc/h [0.01s]
------------------------------------------------------------ [0.00s]

lizard power
Generation of a Gaussian random field for the displacement of particles. [0.00s]
------------------------------------------------------------ [0.00s]
Expansion factor   0.007812 [0.00s]
Omega Matter       0.279000 [0.00s]
Omega Lambda       0.721000 [0.00s]
Omega baryons      0.050000 [0.00s]
sigma_8            0.800000 [0.00s]
Hubble0 (km/s/Mpc) 70.000000 [0.00s]
Seed 42
Base grid size 512^3
Boxsize 10.0 Mpc/h [0.01s]
------------------------------------------------------------ [0.00s]

lizard power
Generation of a Gaussian random field for the displacement of particles. [0.00s]
------------------------------------------------------------ [0.00s]
Expansion factor   0.007812 [0.00s]
Omega Matter       0.279000 [0.00s]
Omega Lambda       0.721000 [0.00s]
Omega baryons      0.050000 [0.00s]
sigma_8            0.800000 [0.00s]
Hubble0 (km/s/Mpc) 70.000000 [0.00s]
Seed 42
Base grid size 512^3
Boxsize 10.0 Mpc/h [0.01s]
------------------------------------------------------------ [0.00s]

lizard power
Generation of a Gaussian random field for the displacement of particles. [0.00s]
------------------------------------------------------------ [0.00s]
Expansion factor   0.007812 [0.00s]
Omega Matter       0.279000 [0.00s]
Omega Lambda       0.721000 [0.00s]
Omega baryons      0.050000 [0.00s]
sigma_8            0.800000 [0.00s]
Hubble0 (km/s/Mpc) 70.000000 [0.00s]
Seed 42
Base grid size 512^3
Boxsize 10.0 Mpc/h [0.01s]
------------------------------------------------------------ [0.00s]

lizard power
Generation of a Gaussian random field for the displacement of particles. [0.00s]
------------------------------------------------------------ [0.00s]
Expansion factor   0.007812 [0.00s]
Omega Matter       0.279000 [0.00s]
Omega Lambda       0.721000 [0.00s]
Omega baryons      0.050000 [0.00s]
sigma_8            0.800000 [0.00s]
Hubble0 (km/s/Mpc) 70.000000 [0.00s]
Seed 42
Base grid size 512^3
Boxsize 10.0 Mpc/h [0.00s]
Output file(s): ['./displ_grid_512.npy', './displ_grid_256.npy', './displ_grid_128.npy', './displ_grid_64.npy'] [0.00s]
 [0.00s]
------------------------------------------------------------ [0.00s]
Normalising power spectrum to sigma8 [0.01s]
Building fourier modes [0.00s]
- Making k values [0.00s]
- Amplitudes of modes [0.00s]
- Large ngrid=512^3, sampling power spectrum 5*ngrid=2,560 times [0.00s]
- Interpolating power spectrum [0.17s]
[94mLoading liblizard - C functions for lizard calculations /Users/danecross/Desktop/research/SIDM_glob_clusters/lizard/lizard/../build/liblizard.so[0m [0.67s]
- Building 268,435,456 random numbers [10.03s]
- Scaling [3.11s]
- 512^3 fourier transform to calculate potential ------------------------------------------------------------ [0.00s]

lizard power
Generation of a Gaussian random field for the displacement of particles. [0.00s]
------------------------------------------------------------ [0.00s]
Expansion factor   0.007812 [0.00s]
Omega Matter       0.279000 [0.00s]
Omega Lambda       0.721000 [0.00s]
Omega baryons      0.050000 [0.00s]
sigma_8            0.800000 [0.00s]
Hubble0 (km/s/Mpc) 70.000000 [0.00s]
Seed 42
Base grid size 512^3
Boxsize 10.0 Mpc/h [0.00s]
Output file(s): ['./displ_grid_512.npy', './displ_grid_256.npy', './displ_grid_128.npy', './displ_grid_64.npy'] [0.00s]
 [0.00s]
------------------------------------------------------------ [0.00s]
Normalising power spectrum to sigma8 [0.01s]
Building fourier modes [0.00s]
- Making k values [0.00s]
- Amplitudes of modes [0.00s]
- Large ngrid=512^3, sampling power spectrum 5*ngrid=2,560 times [0.00s]
- Interpolating power spectrum [0.18s]
[94mLoading liblizard - C functions for lizard calculations /Users/danecross/Desktop/research/SIDM_glob_clusters/lizard/lizard/../build/liblizard.so[0m [0.62s]
- Building 268,435,456 random numbers [8.72s]
- Scaling [0.45s]
- 512^3 fourier transform to calculate potential [26.86s]
- 5 point gradient to calculate displacement field ------------------------------------------------------------ [0.00s]

lizard power
Generation of a Gaussian random field for the displacement of particles. [0.00s]
------------------------------------------------------------ [0.00s]
Expansion factor   0.007812 [0.00s]
Omega Matter       0.279000 [0.00s]
Omega Lambda       0.721000 [0.00s]
Omega baryons      0.050000 [0.00s]
sigma_8            0.800000 [0.00s]
Hubble0 (km/s/Mpc) 70.000000 [0.00s]
Seed 42
Base grid size 256^3
Boxsize 10.0 Mpc/h [0.00s]
Output file(s): ['./displ_grid_256.npy', './displ_grid_128.npy', './displ_grid_64.npy'] [0.00s]
 [0.00s]
------------------------------------------------------------ [0.00s]
Normalising power spectrum to sigma8 [0.01s]
Building fourier modes [0.00s]
- Making k values [0.00s]
- Amplitudes of modes [0.00s]
- Large ngrid=256^3, sampling power spectrum 5*ngrid=1,280 times [0.00s]
- Interpolating power spectrum [0.03s]
[94mLoading liblizard - C functions for lizard calculations /Users/danecross/Desktop/research/SIDM_glob_clusters/lizard/lizard/../build/liblizard.so[0m [0.08s]
- Building 33,554,432 random numbers [1.08s]
- Scaling [0.05s]
- 256^3 fourier transform to calculate potential [0.90s]
- 5 point gradient to calculate displacement field [0.74s]
- Transposing [0.40s]
- RMS displacement 29.179 kpc/h [0.18s]
- Writing 256^3 grid to file ./displ_grid_256.npy [1.33s]
- Subsampling to 128.0^3 [0.00s]
- Writing to ./displ_grid_128.npy [0.53s]
Done [0.00s]
- Subsampling to 64.0^3 [0.00s]
- Writing to ./displ_grid_64.npy [0.07s]
Done [0.78s]
------------------------------------------------------------ [0.00s]
lizard displace
Displaces a uniform distribution of particles [0.00s]
------------------------------------------------------------ [0.00s]
Displacement field           : displ_grid_256.npy [0.00s]
------------------------------------------------------------ [0.00s]
Reading displacement field [0.15s]
Gridsize 256^3
Boxsize 10.0 Mpc/h [0.00s]
------------------------------------------------------------ [0.16s]
RMS displacement on grid, 29.1790 kpc/h [0.00s]
Making DM only ICs [0.07s]
Velocity multiplication factor 6761.016841746761 km/s /(cMpc/h) with extra factor sqrt(a) [0.62s]
Boxsize: 10.0 Mpc/h [0.00s]
16,777,216 particles, 1 different sizes [0.04s]
DM of size 0.0390625 [0.50s]
Indices in 0.0 255.0 should be in 0-256 [2.86s]
DM positions in [6.37348592e-07 6.13263239e-07 2.71946192e-07] to [9.99999978 9.99999936 9.99999967] [0.06s]
DM particle mass  [4615368.24277467] Msun/h [0.00s]
Output file : particles_dmonly_256.dat [0.09s]
Numbers of different DM particle types [0.03s]
Saving masses [0.01s]
Saving positions [2.33s]
Saving velocities [1.01s]
Done [0.63s]
------------------------------------------------------------ [0.00s]

lizard power
Generation of a Gaussian random field for the displacement of particles. [0.00s]
------------------------------------------------------------ [0.00s]
Expansion factor   0.007812 [0.00s]
Omega Matter       0.279000 [0.00s]
Omega Lambda       0.721000 [0.00s]
Omega baryons      0.050000 [0.00s]
sigma_8            0.800000 [0.00s]
Hubble0 (km/s/Mpc) 70.000000 [0.00s]
Seed 42
Base grid size 256^3
Boxsize 10.0 Mpc/h [0.01s]
------------------------------------------------------------ [0.00s]

lizard power
Generation of a Gaussian random field for the displacement of particles. [0.00s]
------------------------------------------------------------ [0.00s]
Expansion factor   0.007812 [0.00s]
Omega Matter       0.279000 [0.00s]
Omega Lambda       0.721000 [0.00s]
Omega baryons      0.050000 [0.00s]
sigma_8            0.800000 [0.00s]
Hubble0 (km/s/Mpc) 70.000000 [0.00s]
Seed 42
Base grid size 256^3
Boxsize 10.0 Mpc/h [0.00s]
Output file(s): ['./displ_grid_256.npy', './displ_grid_128.npy', './displ_grid_64.npy'] [0.00s]
 [0.00s]
------------------------------------------------------------ [0.00s]
Normalising power spectrum to sigma8 [0.01s]
Building fourier modes [0.00s]
- Making k values [0.00s]
- Amplitudes of modes [0.00s]
- Large ngrid=256^3, sampling power spectrum 5*ngrid=1,280 times [0.00s]
- Interpolating power spectrum [0.12s]
[94mLoading liblizard - C functions for lizard calculations /N/slate/dncross/SIDM_GC_formation/IC_factory/lizard/lizard/../build/liblizard.so[0m [0.05s]
- Building 33,554,432 random numbers [1.52s]
- Scaling [0.09s]
- 256^3 fourier transform to calculate potential [0.37s]
- 5 point gradient to calculate displacement field [0.28s]
- Transposing [0.30s]
- RMS displacement 29.179 kpc/h [0.01s]
- Writing 256^3 grid to file ./displ_grid_256.npy [0.21s]
- Subsampling to 128.0^3 [0.00s]
- Writing to ./displ_grid_128.npy [0.22s]
Done [0.00s]
- Subsampling to 64.0^3 [0.00s]
- Writing to ./displ_grid_64.npy [0.06s]
Done [0.68s]
------------------------------------------------------------ [0.00s]
lizard displace
Displaces a uniform distribution of particles [0.00s]
------------------------------------------------------------ [0.00s]
Displacement field           : displ_grid_256.npy [0.00s]
------------------------------------------------------------ [0.00s]
Reading displacement field [0.09s]
Gridsize 256^3
Boxsize 10.0 Mpc/h [0.00s]
------------------------------------------------------------ [0.06s]
RMS displacement on grid, 29.1790 kpc/h [0.00s]
Making DM only ICs [0.03s]
Velocity multiplication factor 6761.016841746761 km/s /(cMpc/h) with extra factor sqrt(a) [0.42s]
Boxsize: 10.0 Mpc/h [0.00s]
16,777,216 particles, 1 different sizes [0.06s]
DM of size 0.0390625 [0.56s]
Indices in 0.0 255.0 should be in 0-256 [2.05s]
DM positions in [6.37348592e-07 6.13263239e-07 2.71946192e-07] to [9.99999978 9.99999936 9.99999967] [0.00s]
DM particle mass  [4615368.24277467] Msun/h [0.00s]
Output file : particles_dmonly_256.dat [0.09s]
Numbers of different DM particle types [0.00s]
Saving masses [0.00s]
Saving positions [0.29s]
Saving velocities [0.14s]
Done [0.02s]
------------------------------------------------------------ [0.00s]

lizard power
Generation of a Gaussian random field for the displacement of particles. [0.00s]
------------------------------------------------------------ [0.00s]
Expansion factor   0.007812 [0.00s]
Omega Matter       0.279000 [0.00s]
Omega Lambda       0.721000 [0.00s]
Omega baryons      0.050000 [0.00s]
sigma_8            0.800000 [0.00s]
Hubble0 (km/s/Mpc) 70.000000 [0.00s]
Seed 42
Base grid size 256^3
Boxsize 10.0 Mpc/h [0.04s]
------------------------------------------------------------ [0.00s]

lizard power
Generation of a Gaussian random field for the displacement of particles. [0.00s]
------------------------------------------------------------ [0.00s]
Expansion factor   0.007812 [0.00s]
Omega Matter       0.279000 [0.00s]
Omega Lambda       0.721000 [0.00s]
Omega baryons      0.050000 [0.00s]
sigma_8            0.800000 [0.00s]
Hubble0 (km/s/Mpc) 70.000000 [0.00s]
Seed 42
Base grid size 256^3
Boxsize 10.0 Mpc/h [0.00s]
Output file(s): ['./displ_grid_256.npy', './displ_grid_128.npy', './displ_grid_64.npy'] [0.00s]
 [0.00s]
------------------------------------------------------------ [0.00s]
Normalising power spectrum to sigma8 [0.01s]
Building fourier modes [0.00s]
- Making k values [0.00s]
- Amplitudes of modes [0.00s]
- Large ngrid=256^3, sampling power spectrum 5*ngrid=1,280 times [0.00s]
- Interpolating power spectrum [0.03s]
[94mLoading liblizard - C functions for lizard calculations /N/slate/dncross/SIDM_GC_formation/IC_factory/lizard/lizard/../build/liblizard.so[0m [0.04s]
- Building 33,554,432 random numbers [1.52s]
- Scaling [0.08s]
- 256^3 fourier transform to calculate potential [0.13s]
- 5 point gradient to calculate displacement field [0.28s]
- Transposing [0.30s]
- RMS displacement 29.179 kpc/h [0.01s]
- Writing 256^3 grid to file ./displ_grid_256.npy [0.20s]
- Subsampling to 128.0^3 [0.00s]
- Writing to ./displ_grid_128.npy [0.25s]
Done [0.00s]
- Subsampling to 64.0^3 [0.00s]
- Writing to ./displ_grid_64.npy [0.04s]
Done [0.68s]
------------------------------------------------------------ [0.00s]
lizard displace
Displaces a uniform distribution of particles [0.00s]
------------------------------------------------------------ [0.00s]
Displacement field           : displ_grid_256.npy [0.00s]
------------------------------------------------------------ [0.00s]
Reading displacement field [0.09s]
Gridsize 256^3
Boxsize 10.0 Mpc/h [0.00s]
------------------------------------------------------------ [0.06s]
RMS displacement on grid, 29.1790 kpc/h [0.00s]
Making DM only ICs [0.03s]
Velocity multiplication factor 6761.016841746761 km/s /(cMpc/h) with extra factor sqrt(a) [0.42s]
Boxsize: 10.0 Mpc/h [0.00s]
16,777,216 particles, 1 different sizes [0.07s]
DM of size 0.0390625 [0.55s]
Indices in 0.0 255.0 should be in 0-256 [2.04s]
DM positions in [6.37348592e-07 6.13263239e-07 2.71946192e-07] to [9.99999978 9.99999936 9.99999967] [0.00s]
DM particle mass  [4615368.24277467] Msun/h [0.00s]
Output file : particles_dmonly_256.dat [0.16s]
Numbers of different DM particle types [0.00s]
Saving masses [0.00s]
Saving positions [0.30s]
Saving velocities [0.15s]
Done [1.45s]
------------------------------------------------------------ [0.00s]

lizard power
Generation of a Gaussian random field for the displacement of particles. [0.00s]
------------------------------------------------------------ [0.00s]
Expansion factor   0.007812 [0.00s]
Omega Matter       0.279000 [0.00s]
Omega Lambda       0.721000 [0.00s]
Omega baryons      0.050000 [0.00s]
sigma_8            0.800000 [0.00s]
Hubble0 (km/s/Mpc) 70.000000 [0.00s]
Seed 42
Base grid size 512^3
Boxsize 10.0 Mpc/h [0.01s]
------------------------------------------------------------ [0.00s]

lizard power
Generation of a Gaussian random field for the displacement of particles. [0.00s]
------------------------------------------------------------ [0.00s]
Expansion factor   0.007812 [0.00s]
Omega Matter       0.279000 [0.00s]
Omega Lambda       0.721000 [0.00s]
Omega baryons      0.050000 [0.00s]
sigma_8            0.800000 [0.00s]
Hubble0 (km/s/Mpc) 70.000000 [0.00s]
Seed 42
Base grid size 256^3
Boxsize 10.0 Mpc/h [0.06s]
------------------------------------------------------------ [0.00s]

lizard power
Generation of a Gaussian random field for the displacement of particles. [0.00s]
------------------------------------------------------------ [0.00s]
Expansion factor   0.007812 [0.00s]
Omega Matter       0.279000 [0.00s]
Omega Lambda       0.721000 [0.00s]
Omega baryons      0.050000 [0.00s]
sigma_8            0.800000 [0.00s]
Hubble0 (km/s/Mpc) 70.000000 [0.00s]
Seed 42
Base grid size 256^3
Boxsize 10.0 Mpc/h [0.00s]
Output file(s): ['./displ_grid_256.npy', './displ_grid_128.npy', './displ_grid_64.npy'] [0.00s]
 [0.00s]
------------------------------------------------------------ [0.00s]
Normalising power spectrum to sigma8 [0.01s]
Building fourier modes [0.00s]
- Making k values [0.00s]
- Amplitudes of modes [0.00s]
- Large ngrid=256^3, sampling power spectrum 5*ngrid=1,280 times [0.00s]
- Interpolating power spectrum [0.11s]
[94mLoading liblizard - C functions for lizard calculations /N/slate/dncross/SIDM_GC_formation/IC_factory/lizard/lizard/../build/liblizard.so[0m [0.13s]
- Building 33,554,432 random numbers [1.79s]
- Scaling [0.06s]
- 256^3 fourier transform to calculate potential [0.12s]
- 5 point gradient to calculate displacement field [0.27s]
- Transposing [0.25s]
- RMS displacement 29.179 kpc/h [0.01s]
- Writing 256^3 grid to file ./displ_grid_256.npy [0.21s]
- Subsampling to 128.0^3 [0.00s]
- Writing to ./displ_grid_128.npy [0.25s]
Done [0.00s]
- Subsampling to 64.0^3 [0.00s]
- Writing to ./displ_grid_64.npy [0.05s]
Done [0.66s]
------------------------------------------------------------ [0.00s]
lizard displace
Displaces a uniform distribution of particles [0.00s]
------------------------------------------------------------ [0.00s]
Displacement field           : displ_grid_256.npy [0.00s]
------------------------------------------------------------ [0.00s]
Reading displacement field [0.10s]
Gridsize 256^3
Boxsize 10.0 Mpc/h [0.00s]
------------------------------------------------------------ [0.06s]
RMS displacement on grid, 29.1790 kpc/h [0.00s]
Making DM only ICs [0.03s]
Velocity multiplication factor 6761.016841746761 km/s /(cMpc/h) with extra factor sqrt(a) [0.47s]
Boxsize: 10.0 Mpc/h [0.00s]
16,777,216 particles, 1 different sizes [0.07s]
DM of size 0.0390625 [0.53s]
Indices in 0.0 255.0 should be in 0-256 [2.20s]
DM positions in [6.37348592e-07 6.13263239e-07 2.71946192e-07] to [9.99999978 9.99999936 9.99999967] [0.00s]
DM particle mass  [4615368.24277467] Msun/h [0.00s]
Output file : particles_dmonly_256.dat [0.15s]
Numbers of different DM particle types [0.00s]
Saving masses [0.00s]
Saving positions [0.48s]
Saving velocities [0.22s]
Done [2.05s]
------------------------------------------------------------ [0.04s]

lizard power
Generation of a Gaussian random field for the displacement of particles. [0.00s]
------------------------------------------------------------ [0.00s]
Expansion factor   0.007812 [0.00s]
Omega Matter       0.279000 [0.00s]
Omega Lambda       0.721000 [0.00s]
Omega baryons      0.050000 [0.00s]
sigma_8            0.800000 [0.00s]
Hubble0 (km/s/Mpc) 70.000000 [0.00s]
Seed 42
Base grid size 512^3
Boxsize 10.0 Mpc/h [0.00s]
Output file(s): ['./displ_grid_512.npy', './displ_grid_256.npy', './displ_grid_128.npy', './displ_grid_64.npy'] [0.00s]
 [0.00s]
------------------------------------------------------------ [0.00s]
Normalising power spectrum to sigma8 [0.06s]
Building fourier modes [0.00s]
- Making k values [0.00s]
- Amplitudes of modes [0.00s]
- Large ngrid=512^3, sampling power spectrum 5*ngrid=2,560 times [0.00s]
- Interpolating power spectrum [0.22s]
[94mLoading liblizard - C functions for lizard calculations /N/slate/dncross/SIDM_GC_formation/IC_factory/lizard/lizard/../build/liblizard.so[0m [0.43s]
- Building 268,435,456 random numbers [13.35s]
- Scaling [0.70s]
- 512^3 fourier transform to calculate potential [0.97s]
- 5 point gradient to calculate displacement field [2.28s]
- Transposing [2.45s]
- RMS displacement 28.821 kpc/h [0.10s]
- Writing 512^3 grid to file ./displ_grid_512.npy [1.39s]
- Subsampling to 256.0^3 [0.00s]
- Writing to ./displ_grid_256.npy [1.57s]
Done [0.00s]
- Subsampling to 128.0^3 [0.00s]
- Writing to ./displ_grid_128.npy [0.34s]
Done [0.00s]
- Subsampling to 64.0^3 [0.00s]
- Writing to ./displ_grid_64.npy [0.03s]
Done [5.66s]
------------------------------------------------------------ [0.00s]
lizard displace
Displaces a uniform distribution of particles [0.00s]
------------------------------------------------------------ [0.00s]
Displacement field           : displ_grid_512.npy [0.00s]
------------------------------------------------------------ [0.00s]
Reading displacement field [0.70s]
Gridsize 512^3
Boxsize 10.0 Mpc/h [0.00s]
------------------------------------------------------------ [0.49s]
RMS displacement on grid, 28.8206 kpc/h [0.00s]
Making DM only ICs [0.26s]
Velocity multiplication factor 6761.016841746761 km/s /(cMpc/h) with extra factor sqrt(a) [4.07s]
Boxsize: 10.0 Mpc/h [0.00s]
134,217,728 particles, 1 different sizes [0.53s]
DM of size 0.01953125 [4.98s]
Indices in 0.0 511.0 should be in 0-512 [16.42s]
DM positions in [1.60187483e-07 3.35276127e-08 3.91155481e-08] to [9.99999998 9.99999995 9.99999998] [0.02s]
DM particle mass  [576921.03034683] Msun/h [0.00s]
Output file : particles_dmonly_512.dat [0.14s]
Numbers of different DM particle types [0.00s]
Saving masses [0.00s]
Saving positions [2.50s]
Saving velocities [1.23s]
Done [0.16s]
------------------------------------------------------------ [0.02s]

lizard power
Generation of a Gaussian random field for the displacement of particles. [0.00s]
------------------------------------------------------------ [0.00s]
Expansion factor   0.007812 [0.00s]
Omega Matter       0.279000 [0.00s]
Omega Lambda       0.721000 [0.00s]
Omega baryons      0.050000 [0.00s]
sigma_8            0.800000 [0.00s]
Hubble0 (km/s/Mpc) 70.000000 [0.00s]
Seed 42
Base grid size 512^3
Boxsize 10.0 Mpc/h [0.00s]
Output file(s): ['./displ_grid_512.npy', './displ_grid_256.npy', './displ_grid_128.npy', './displ_grid_64.npy'] [0.00s]
 [0.00s]
------------------------------------------------------------ [0.00s]
Normalising power spectrum to sigma8 [0.07s]
Building fourier modes [0.00s]
- Making k values [0.00s]
- Amplitudes of modes [0.00s]
- Large ngrid=512^3, sampling power spectrum 5*ngrid=2,560 times [0.00s]
- Interpolating power spectrum [0.32s]
[94mLoading liblizard - C functions for lizard calculations /N/slate/dncross/SIDM_GC_formation/IC_factory/lizard/lizard/../build/liblizard.so[0m [0.45s]
- Building 268,435,456 random numbers [13.13s]
- Scaling [0.70s]
- 512^3 fourier transform to calculate potential [0.86s]
- 5 point gradient to calculate displacement field [2.25s]
- Transposing [2.46s]
- RMS displacement 28.821 kpc/h [0.10s]
- Writing 512^3 grid to file ./displ_grid_512.npy [1.38s]
- Subsampling to 256.0^3 [0.00s]
- Writing to ./displ_grid_256.npy [1.54s]
Done [0.00s]
- Subsampling to 128.0^3 [0.00s]
- Writing to ./displ_grid_128.npy [0.26s]
Done [0.00s]
- Subsampling to 64.0^3 [0.00s]
- Writing to ./displ_grid_64.npy [0.07s]
Done [5.63s]
------------------------------------------------------------ [0.00s]
lizard displace
Displaces a uniform distribution of particles [0.00s]
------------------------------------------------------------ [0.00s]
Displacement field           : displ_grid_512.npy [0.00s]
------------------------------------------------------------ [0.00s]
Reading displacement field [0.71s]
Gridsize 512^3
Boxsize 10.0 Mpc/h [0.00s]
------------------------------------------------------------ [0.49s]
RMS displacement on grid, 28.8206 kpc/h [0.00s]
Making DM only ICs [0.26s]
Velocity multiplication factor 6761.016841746761 km/s /(cMpc/h) with extra factor sqrt(a) [4.08s]
Boxsize: 10.0 Mpc/h [0.00s]
134,217,728 particles, 1 different sizes [0.53s]
DM of size 0.01953125 [4.79s]
Indices in 0.0 511.0 should be in 0-512 [16.95s]
DM positions in [1.60187483e-07 3.35276127e-08 3.91155481e-08] to [9.99999998 9.99999995 9.99999998] [0.02s]
DM particle mass  [576921.03034683] Msun/h [0.00s]
Output file : particles_dmonly_512.dat [0.11s]
Numbers of different DM particle types [0.00s]
Saving masses [0.00s]
Saving positions [2.60s]
Saving velocities [1.28s]
Done [0.40s]
------------------------------------------------------------ [0.00s]

lizard power
Generation of a Gaussian random field for the displacement of particles. [0.00s]
------------------------------------------------------------ [0.00s]
Expansion factor   0.007812 [0.00s]
Omega Matter       0.279000 [0.00s]
Omega Lambda       0.721000 [0.00s]
Omega baryons      0.050000 [0.00s]
sigma_8            0.800000 [0.00s]
Hubble0 (km/s/Mpc) 70.000000 [0.00s]
Seed 42
Base grid size 512^3
Boxsize 10.0 Mpc/h [0.03s]
------------------------------------------------------------ [0.00s]

lizard power
Generation of a Gaussian random field for the displacement of particles. [0.00s]
------------------------------------------------------------ [0.00s]
Expansion factor   0.007812 [0.00s]
Omega Matter       0.279000 [0.00s]
Omega Lambda       0.721000 [0.00s]
Omega baryons      0.050000 [0.00s]
sigma_8            0.800000 [0.00s]
Hubble0 (km/s/Mpc) 70.000000 [0.00s]
Seed 42
Base grid size 512^3
Boxsize 10.0 Mpc/h [0.00s]
Output file(s): ['./displ_grid_512.npy', './displ_grid_256.npy', './displ_grid_128.npy', './displ_grid_64.npy'] [0.00s]
 [0.00s]
------------------------------------------------------------ [0.00s]
Normalising power spectrum to sigma8 [0.01s]
Building fourier modes [0.00s]
- Making k values [0.00s]
- Amplitudes of modes [0.00s]
- Large ngrid=512^3, sampling power spectrum 5*ngrid=2,560 times [0.00s]
- Interpolating power spectrum [0.13s]
[94mLoading liblizard - C functions for lizard calculations /N/slate/dncross/SIDM_GC_formation/IC_factory/lizard/lizard/../build/liblizard.so[0m [0.42s]
- Building 268,435,456 random numbers [13.08s]
- Scaling [0.70s]
- 512^3 fourier transform to calculate potential [0.62s]
- 5 point gradient to calculate displacement field [2.28s]
- Transposing [2.47s]
- RMS displacement 28.821 kpc/h [0.10s]
- Writing 512^3 grid to file ./displ_grid_512.npy [1.26s]
- Subsampling to 256.0^3 [0.00s]
- Writing to ./displ_grid_256.npy [1.52s]
Done [0.00s]
- Subsampling to 128.0^3 [0.00s]
- Writing to ./displ_grid_128.npy [0.24s]
Done [0.00s]
- Subsampling to 64.0^3 [0.00s]
- Writing to ./displ_grid_64.npy [0.03s]
Done [5.58s]
------------------------------------------------------------ [0.00s]
lizard displace
Displaces a uniform distribution of particles [0.00s]
------------------------------------------------------------ [0.00s]
Displacement field           : displ_grid_512.npy [0.00s]
------------------------------------------------------------ [0.00s]
Reading displacement field [0.70s]
Gridsize 512^3
Boxsize 10.0 Mpc/h [0.00s]
------------------------------------------------------------ [0.49s]
RMS displacement on grid, 28.8206 kpc/h [0.00s]
Making DM only ICs [0.26s]
Velocity multiplication factor 6761.016841746761 km/s /(cMpc/h) with extra factor sqrt(a) [4.06s]
Boxsize: 10.0 Mpc/h [0.00s]
134,217,728 particles, 1 different sizes [0.53s]
DM of size 0.01953125 [4.79s]
Indices in 0.0 511.0 should be in 0-512 [16.87s]
DM positions in [1.60187483e-07 3.35276127e-08 3.91155481e-08] to [9.99999998 9.99999995 9.99999998] [0.02s]
DM particle mass  [576921.03034683] Msun/h [0.00s]
Output file : particles_dmonly_512.dat [0.88s]
Numbers of different DM particle types [0.00s]
Saving masses [0.00s]
Saving positions [2.33s]
Saving velocities [1.15s]
Done [25.20s]
------------------------------------------------------------ [0.02s]

lizard power
Generation of a Gaussian random field for the displacement of particles. [0.00s]
------------------------------------------------------------ [0.00s]
Expansion factor   0.007812 [0.00s]
Omega Matter       0.279000 [0.00s]
Omega Lambda       0.721000 [0.00s]
Omega baryons      0.050000 [0.00s]
sigma_8            0.800000 [0.00s]
Hubble0 (km/s/Mpc) 70.000000 [0.00s]
Seed 42
Base grid size 256^3
Boxsize 10.0 Mpc/h [0.00s]
Output file(s): ['./displ_grid_256.npy', './displ_grid_128.npy', './displ_grid_64.npy'] [0.00s]
 [0.00s]
------------------------------------------------------------ [0.00s]
Normalising power spectrum to sigma8 [0.01s]
Building fourier modes [0.00s]
- Making k values [0.00s]
- Amplitudes of modes [0.00s]
- Large ngrid=256^3, sampling power spectrum 5*ngrid=1,280 times [0.00s]
- Interpolating power spectrum [0.07s]
[94mLoading liblizard - C functions for lizard calculations /N/slate/dncross/SIDM_GC_formation/IC_factory/lizard/lizard/../build/liblizard.so[0m [0.06s]
- Building 33,554,432 random numbers [1.42s]
- Scaling [0.08s]
- 256^3 fourier transform to calculate potential [0.85s]
- 5 point gradient to calculate displacement field [0.44s]
- Transposing [0.27s]
- RMS displacement 29.179 kpc/h [0.07s]
- Writing 256^3 grid to file ./displ_grid_256.npy [0.19s]
- Subsampling to 128.0^3 [0.00s]
- Writing to ./displ_grid_128.npy [0.22s]
Done [0.00s]
- Subsampling to 64.0^3 [0.00s]
- Writing to ./displ_grid_64.npy [0.05s]
Done [0.58s]
------------------------------------------------------------ [0.00s]
lizard displace
Displaces a uniform distribution of particles [0.00s]
------------------------------------------------------------ [0.00s]
Displacement field           : displ_grid_256.npy [0.00s]
------------------------------------------------------------ [0.00s]
Reading displacement field [0.08s]
Gridsize 256^3
Boxsize 10.0 Mpc/h [0.00s]
------------------------------------------------------------ [0.11s]
RMS displacement on grid, 29.1790 kpc/h [0.00s]
Making DM only ICs [0.08s]
Velocity multiplication factor 6761.016841746761 km/s /(cMpc/h) with extra factor sqrt(a) [0.39s]
Boxsize: 10.0 Mpc/h [0.00s]
16,777,216 particles, 1 different sizes [0.05s]
DM of size 0.0390625 [0.39s]
Indices in 0.0 255.0 should be in 0-256 [2.40s]
DM positions in [6.37348592e-07 6.13263239e-07 2.71946192e-07] to [9.99999978 9.99999936 9.99999967] [0.00s]
DM particle mass  [4615368.24277467] Msun/h [0.00s]
Output file : particles_dmonly_256.dat [0.06s]
Numbers of different DM particle types [0.00s]
Saving masses [0.00s]
Saving positions [0.35s]
Saving velocities [0.18s]
Done [0.02s]
------------------------------------------------------------ [0.00s]

lizard power
Generation of a Gaussian random field for the displacement of particles. [0.00s]
------------------------------------------------------------ [0.00s]
Expansion factor   0.007812 [0.00s]
Omega Matter       0.279000 [0.00s]
Omega Lambda       0.721000 [0.00s]
Omega baryons      0.050000 [0.00s]
sigma_8            0.800000 [0.00s]
Hubble0 (km/s/Mpc) 70.000000 [0.00s]
Seed 42
Base grid size 256^3
Boxsize 10.0 Mpc/h [0.00s]
Output file(s): ['./displ_grid_256.npy', './displ_grid_128.npy', './displ_grid_64.npy'] [0.00s]
 [0.00s]
------------------------------------------------------------ [0.00s]
Normalising power spectrum to sigma8 [0.01s]
Building fourier modes [0.00s]
- Making k values [0.00s]
- Amplitudes of modes [0.00s]
- Large ngrid=256^3, sampling power spectrum 5*ngrid=1,280 times [0.00s]
- Interpolating power spectrum [0.03s]
[94mLoading liblizard - C functions for lizard calculations /N/slate/dncross/SIDM_GC_formation/IC_factory/lizard/lizard/../build/liblizard.so[0m [0.04s]
- Building 33,554,432 random numbers [1.45s]
- Scaling [0.06s]
- 256^3 fourier transform to calculate potential [0.87s]
- 5 point gradient to calculate displacement field [0.44s]
- Transposing [0.28s]
- RMS displacement 29.179 kpc/h [0.07s]
- Writing 256^3 grid to file ./displ_grid_256.npy [0.19s]
- Subsampling to 128.0^3 [0.00s]
- Writing to ./displ_grid_128.npy [1.40s]
Done [0.00s]
- Subsampling to 64.0^3 [0.00s]
- Writing to ./displ_grid_64.npy [0.03s]
Done [0.58s]
------------------------------------------------------------ [0.00s]
lizard displace
Displaces a uniform distribution of particles [0.00s]
------------------------------------------------------------ [0.00s]
Displacement field           : displ_grid_256.npy [0.00s]
------------------------------------------------------------ [0.00s]
Reading displacement field [0.08s]
Gridsize 256^3
Boxsize 10.0 Mpc/h [0.00s]
------------------------------------------------------------ [0.11s]
RMS displacement on grid, 29.1790 kpc/h [0.00s]
Making DM only ICs [0.08s]
Velocity multiplication factor 6761.016841746761 km/s /(cMpc/h) with extra factor sqrt(a) [0.39s]
Boxsize: 10.0 Mpc/h [0.00s]
16,777,216 particles, 1 different sizes [0.05s]
DM of size 0.0390625 [0.38s]
Indices in 0.0 255.0 should be in 0-256 [2.41s]
DM positions in [6.37348592e-07 6.13263239e-07 2.71946192e-07] to [9.99999978 9.99999936 9.99999967] [0.00s]
DM particle mass  [4615368.24277467] Msun/h [0.00s]
Output file : particles_dmonly_256.dat [0.18s]
Numbers of different DM particle types [0.00s]
Saving masses [0.00s]
Saving positions [0.36s]
Saving velocities [0.18s]
Done [3.46s]
